<?xml version="1.0" encoding="UTF-8"?>
<!-- Generated by org.testng.reporters.JUnitReportReporter -->
<testsuite hostname="DESKTOP-FGS38D0" failures="0" tests="3" name="TestRunner.CucumberTestRunner" time="22.548" errors="0" timestamp="2024-07-04T17:43:59 IST" skipped="0">
  <testcase classname="TestRunner.CucumberTestRunner" name="runScenario" time="8.705"/>
  <system-out/>
  <testcase classname="TestRunner.CucumberTestRunner" name="runScenario" time="5.291"/>
  <system-out/>
  <testcase classname="TestRunner.CucumberTestRunner" name="runScenario" time="8.552"/>
  <system-out/>
</testsuite> <!-- TestRunner.CucumberTestRunner -->
