<?xml version="1.0" encoding="UTF-8"?>
<!-- Generated by org.testng.reporters.JUnitReportReporter -->
<testsuite hostname="DESKTOP-FGS38D0" failures="0" tests="3" name="TestRunner.CucumberTestRunner" time="21.878" errors="0" timestamp="2024-07-04T21:32:59 IST" skipped="0">
  <testcase classname="TestRunner.CucumberTestRunner" name="runScenario" time="5.386"/>
  <testcase classname="TestRunner.CucumberTestRunner" name="runScenario" time="9.634"/>
  <testcase classname="TestRunner.CucumberTestRunner" name="runScenario" time="6.858"/>
</testsuite> <!-- TestRunner.CucumberTestRunner -->
